0 info it worked if it ends with ok
1 verbose cli [ '/usr/bin/node', '/usr/bin/npm', 'publish' ]
2 info using npm@1.4.25
3 info using node@v0.10.31
4 verbose publish [ '.' ]
5 verbose cache add [ '.', null ]
6 verbose cache add name=undefined spec="." args=[".",null]
7 verbose parsed url { protocol: null,
7 verbose parsed url   slashes: null,
7 verbose parsed url   auth: null,
7 verbose parsed url   host: null,
7 verbose parsed url   port: null,
7 verbose parsed url   hostname: null,
7 verbose parsed url   hash: null,
7 verbose parsed url   search: null,
7 verbose parsed url   query: null,
7 verbose parsed url   pathname: '.',
7 verbose parsed url   path: '.',
7 verbose parsed url   href: '.' }
8 silly lockFile 3a52ce78- .
9 verbose lock . /home/meandave/.npm/3a52ce78-.lock
10 verbose tar pack [ '/home/meandave/.npm/audio-clock/0.1.0/package.tgz', '.' ]
11 verbose tarball /home/meandave/.npm/audio-clock/0.1.0/package.tgz
12 verbose folder .
13 info prepublish audio-clock@0.1.0
14 silly lockFile 1f1177db-tar tar://.
15 verbose lock tar://. /home/meandave/.npm/1f1177db-tar.lock
16 silly lockFile bd57f9a7-pm-audio-clock-0-1-0-package-tgz tar:///home/meandave/.npm/audio-clock/0.1.0/package.tgz
17 verbose lock tar:///home/meandave/.npm/audio-clock/0.1.0/package.tgz /home/meandave/.npm/bd57f9a7-pm-audio-clock-0-1-0-package-tgz.lock
18 silly lockFile 1f1177db-tar tar://.
19 silly lockFile 1f1177db-tar tar://.
20 silly lockFile bd57f9a7-pm-audio-clock-0-1-0-package-tgz tar:///home/meandave/.npm/audio-clock/0.1.0/package.tgz
21 silly lockFile bd57f9a7-pm-audio-clock-0-1-0-package-tgz tar:///home/meandave/.npm/audio-clock/0.1.0/package.tgz
22 silly lockFile dc4639a5-ve-npm-audio-clock-0-1-0-package /home/meandave/.npm/audio-clock/0.1.0/package
23 verbose lock /home/meandave/.npm/audio-clock/0.1.0/package /home/meandave/.npm/dc4639a5-ve-npm-audio-clock-0-1-0-package.lock
24 silly lockFile dc4639a5-ve-npm-audio-clock-0-1-0-package /home/meandave/.npm/audio-clock/0.1.0/package
25 silly lockFile dc4639a5-ve-npm-audio-clock-0-1-0-package /home/meandave/.npm/audio-clock/0.1.0/package
26 silly lockFile 3a52ce78- .
27 silly lockFile 3a52ce78- .
28 silly publish { name: 'audio-clock',
28 silly publish   version: '0.1.0',
28 silly publish   description: 'keep time for audio apps',
28 silly publish   main: 'index.js',
28 silly publish   scripts: { test: 'echo "Error: no test specified" && exit 1' },
28 silly publish   repository:
28 silly publish    { type: 'git',
28 silly publish      url: 'https://github.com/meandavejustice/audio-clock.git' },
28 silly publish   keywords:
28 silly publish    [ 'audio',
28 silly publish      'time',
28 silly publish      'worker',
28 silly publish      'sequence',
28 silly publish      'bpm',
28 silly publish      'tempo',
28 silly publish      'webaudio',
28 silly publish      'browser' ],
28 silly publish   author: { name: 'meandave' },
28 silly publish   license: 'MIT',
28 silly publish   bugs: { url: 'https://github.com/meandavejustice/audio-clock/issues' },
28 silly publish   homepage: 'https://github.com/meandavejustice/audio-clock',
28 silly publish   dependencies: { webworkify: '^1.0.0' },
28 silly publish   readme: '# Audio Clock\n\n[![NPM](https://nodei.co/npm/audio-clock.png?downloads=true)](https://npmjs.org/package/audio-clock)\n\nKeep time in the browser for audio applications.\n\nsetTimeout/setInterval can not be depended on when running in a browser\'s single threaded environment.\nTherefor we need to push them into a webworker and communicate with them that way.\n\nAdapted from [metronome](https://github.com/cwilso/metronome)\n',
28 silly publish   readmeFilename: 'README.md',
28 silly publish   gitHead: 'fca651de52eaf5fecd2ce74e47d27b26fc862246',
28 silly publish   _id: 'audio-clock@0.1.0',
28 silly publish   _shasum: 'c577450bc2990bc51d5fac48df51bf74cb2e0a34',
28 silly publish   _from: '.' }
29 verbose request where is /audio-clock
30 verbose request registry https://registry.npmjs.org/
31 verbose request id 4addca4aacae256f
32 verbose url raw /audio-clock
33 verbose url resolving [ 'https://registry.npmjs.org/', './audio-clock' ]
34 verbose url resolved https://registry.npmjs.org/audio-clock
35 verbose request where is https://registry.npmjs.org/audio-clock
36 info trying registry request attempt 1 at 22:34:54
37 http PUT https://registry.npmjs.org/audio-clock
38 http 403 https://registry.npmjs.org/audio-clock
39 verbose headers { date: 'Thu, 02 Oct 2014 05:34:55 GMT',
39 verbose headers   server: 'CouchDB/1.5.0 (Erlang OTP/R16B03)',
39 verbose headers   'content-type': 'application/json',
39 verbose headers   'cache-control': 'max-age=60',
39 verbose headers   'content-length': '2840',
39 verbose headers   'accept-ranges': 'bytes',
39 verbose headers   via: '1.1 varnish',
39 verbose headers   'x-served-by': 'cache-lax1433-LAX',
39 verbose headers   'x-cache': 'MISS',
39 verbose headers   'x-cache-hits': '0',
39 verbose headers   'x-timer': 'S1412228095.127683,VS0,VE47',
39 verbose headers   'keep-alive': 'timeout=10, max=50',
39 verbose headers   connection: 'Keep-Alive' }
40 error publish Failed PUT 403
41 error Error: forbidden cannot modify pre-existing version: 0.1.0
41 error old={"name":"audio-clock","version":"0.1.0","description":"keep time for audio apps","main":"index.js","scripts":{"test":"echo \"Error: no test specified\" && exit 1"},"repository":{"type":"git","url":"https://github.com/meandavejustice/audio-clock.git"},"keywords":["audio","time","worker","sequence","bpm","tempo","webaudio","browser"],"author":{"name":"meandave"},"license":"MIT","bugs":{"url":"https://github.com/meandavejustice/audio-clock/issues"},"homepage":"https://github.com/meandavejustice/audio-clock","dependencies":{"webworkify":"^1.0.0"},"gitHead":"422f4eee86a4c8648ceb36f291730210a24d2f6e","_id":"audio-clock@0.1.0","_shasum":"894ce56ac28bfe114239cd9b3896e472b77cf6ab","_from":".","_npmVersion":"1.4.25","_npmUser":{"name":"meandave","email":"davejustishh@gmail.com"},"maintainers":[{"name":"meandave","email":"davejustishh@gmail.com"}],"dist":{"shasum":"894ce56ac28bfe114239cd9b3896e472b77cf6ab","tarball":"http://registry.npmjs.org/audio-clock/-/audio-clock-0.1.0.tgz"}}
41 error new={"name":"audio-clock","version":"0.1.0","description":"keep time for audio apps","main":"index.js","scripts":{"test":"echo \"Error: no test specified\" && exit 1"},"repository":{"type":"git","url":"https://github.com/meandavejustice/audio-clock.git"},"keywords":["audio","time","worker","sequence","bpm","tempo","webaudio","browser"],"author":{"name":"meandave"},"license":"MIT","bugs":{"url":"https://github.com/meandavejustice/audio-clock/issues"},"homepage":"https://github.com/meandavejustice/audio-clock","dependencies":{"webworkify":"^1.0.0"},"readme":"# Audio Clock\u000a\u000a[![NPM](https://nodei.co/npm/audio-clock.png?downloads=true)](https://npmjs.org/package/audio-clock)\u000a\u000aKeep time in the browser for audio applications.\u000a\u000asetTimeout/setInterval can not be depended on when running in a browser's single threaded environment.\u000aTherefor we need to push them into a webworker and communicate with them that way.\u000a\u000aAdapted from [metronome](https://github.com/cwilso/metronome)\u000a","readmeFilename":"README.md","gitHead":"fca651de52eaf5fecd2ce74e47d27b26fc862246","_id":"audio-clock@0.1.0","_shasum":"c577450bc2990bc51d5fac48df51bf74cb2e0a34","_from":".","_npmVersion":"1.4.25","_npmUser":{"name":"meandave","email":"davejustishh@gmail.com"},"maintainers":[{"name":"meandave","email":"davejustishh@gmail.com"}],"dist":{"shasum":"c577450bc2990bc51d5fac48df51bf74cb2e0a34","tarball":"http://registry.npmjs.org/audio-clock/-/audio-clock-0.1.0.tgz"}}: audio-clock
41 error     at RegClient.<anonymous> (/usr/lib/node_modules/npm/node_modules/npm-registry-client/lib/request.js:304:14)
41 error     at Request._callback (/usr/lib/node_modules/npm/node_modules/npm-registry-client/lib/request.js:242:65)
41 error     at Request.self.callback (/usr/lib/node_modules/npm/node_modules/request/request.js:123:22)
41 error     at Request.emit (events.js:98:17)
41 error     at Request.<anonymous> (/usr/lib/node_modules/npm/node_modules/request/request.js:893:14)
41 error     at Request.emit (events.js:117:20)
41 error     at IncomingMessage.<anonymous> (/usr/lib/node_modules/npm/node_modules/request/request.js:844:12)
41 error     at IncomingMessage.emit (events.js:117:20)
41 error     at _stream_readable.js:943:16
41 error     at process._tickCallback (node.js:419:13)
42 error If you need help, you may report this *entire* log,
42 error including the npm and node versions, at:
42 error     <http://github.com/npm/npm/issues>
43 error System Linux 3.16.1-1-ARCH
44 error command "/usr/bin/node" "/usr/bin/npm" "publish"
45 error cwd /home/meandave/Code/audio-clock
46 error node -v v0.10.31
47 error npm -v 1.4.25
48 verbose exit [ 1, true ]
